#! /usr/bin/vvp
:ivl_version "10.1 (stable)";
:ivl_delay_selection "TYPICAL";
:vpi_time_precision - 12;
:vpi_module "system";
:vpi_module "vhdl_sys";
:vpi_module "v2005_math";
:vpi_module "va_math";
S_0x55f94349e450 .scope module, "tb_nrzi" "tb_nrzi" 2 3;
 .timescale -9 -12;
v0x55f9434beba0_0 .var "clk_i", 0 0;
v0x55f9434bec60_0 .var "count", 0 0;
v0x55f9434bed30_0 .var "resetn_i", 0 0;
v0x55f9434bee30_0 .net "y_o", 0 0, L_0x55f9434bef00;  1 drivers
E_0x55f94345dce0 .event negedge, v0x55f94349e810_0;
S_0x55f94349e5d0 .scope module, "I_NRZI" "nrzi" 2 9, 3 1 0, S_0x55f94349e450;
 .timescale 0 0;
    .port_info 0 /INPUT 1 "clk_i"
    .port_info 1 /INPUT 1 "resetn_i"
    .port_info 2 /INPUT 1 "data_i"
    .port_info 3 /OUTPUT 1 "y_o"
L_0x55f9434bef00 .functor BUFZ 1, v0x55f9434be890_0, C4<0>, C4<0>, C4<0>;
v0x55f94349e810_0 .net "clk_i", 0 0, v0x55f9434beba0_0;  1 drivers
v0x55f9434be730_0 .net "data_i", 0 0, v0x55f9434bec60_0;  1 drivers
v0x55f9434be7f0_0 .var "next_state", 0 0;
v0x55f9434be890_0 .var "prev_state", 0 0;
v0x55f9434be950_0 .net "resetn_i", 0 0, v0x55f9434bed30_0;  1 drivers
v0x55f9434bea60_0 .net "y_o", 0 0, L_0x55f9434bef00;  alias, 1 drivers
E_0x55f9434928e0 .event edge, v0x55f9434be730_0;
E_0x55f943492a10/0 .event negedge, v0x55f9434be950_0;
E_0x55f943492a10/1 .event posedge, v0x55f94349e810_0;
E_0x55f943492a10 .event/or E_0x55f943492a10/0, E_0x55f943492a10/1;
    .scope S_0x55f94349e5d0;
T_0 ;
    %wait E_0x55f943492a10;
    %load/vec4 v0x55f9434be950_0;
    %nor/r;
    %flag_set/vec4 8;
    %jmp/0xz  T_0.0, 8;
    %pushi/vec4 0, 0, 1;
    %assign/vec4 v0x55f9434be890_0, 0;
    %pushi/vec4 0, 0, 1;
    %assign/vec4 v0x55f9434be7f0_0, 0;
    %jmp T_0.1;
T_0.0 ;
    %load/vec4 v0x55f9434be7f0_0;
    %assign/vec4 v0x55f9434be890_0, 0;
T_0.1 ;
    %jmp T_0;
    .thread T_0;
    .scope S_0x55f94349e5d0;
T_1 ;
    %wait E_0x55f9434928e0;
    %load/vec4 v0x55f9434be730_0;
    %flag_set/vec4 8;
    %jmp/0xz  T_1.0, 8;
    %load/vec4 v0x55f9434be890_0;
    %inv;
    %assign/vec4 v0x55f9434be7f0_0, 0;
    %jmp T_1.1;
T_1.0 ;
    %load/vec4 v0x55f9434be890_0;
    %assign/vec4 v0x55f9434be7f0_0, 0;
T_1.1 ;
    %jmp T_1;
    .thread T_1, $push;
    .scope S_0x55f94349e450;
T_2 ;
    %delay 10000, 0;
    %load/vec4 v0x55f9434beba0_0;
    %inv;
    %store/vec4 v0x55f9434beba0_0, 0, 1;
    %jmp T_2;
    .thread T_2;
    .scope S_0x55f94349e450;
T_3 ;
    %pushi/vec4 0, 0, 1;
    %store/vec4 v0x55f9434beba0_0, 0, 1;
    %pushi/vec4 0, 0, 1;
    %store/vec4 v0x55f9434bed30_0, 0, 1;
    %delay 20000, 0;
    %pushi/vec4 1, 0, 1;
    %store/vec4 v0x55f9434bed30_0, 0, 1;
    %delay 20000, 0;
    %pushi/vec4 0, 0, 1;
    %store/vec4 v0x55f9434bed30_0, 0, 1;
    %delay 20000, 0;
    %pushi/vec4 1, 0, 1;
    %store/vec4 v0x55f9434bed30_0, 0, 1;
    %pushi/vec4 0, 0, 1;
    %store/vec4 v0x55f9434bec60_0, 0, 1;
    %delay 1500000, 0;
    %vpi_call 2 22 "$finish" {0 0 0};
    %end;
    .thread T_3;
    .scope S_0x55f94349e450;
T_4 ;
    %wait E_0x55f94345dce0;
    %load/vec4 v0x55f9434bec60_0;
    %pad/u 2;
    %addi 1, 0, 2;
    %pad/u 1;
    %store/vec4 v0x55f9434bec60_0, 0, 1;
    %jmp T_4;
    .thread T_4;
    .scope S_0x55f94349e450;
T_5 ;
    %vpi_call 2 32 "$display", "Simulation Result are as follows:" {0 0 0};
    %vpi_call 2 33 "$monitor", " resetn_i: %b, clk: %b, a_i: %b, y_o %b", v0x55f9434bed30_0, v0x55f9434beba0_0, v0x55f9434bec60_0, v0x55f9434bee30_0 {0 0 0};
    %end;
    .thread T_5;
    .scope S_0x55f94349e450;
T_6 ;
    %vpi_func 2 37 "$test$plusargs" 32, "trace" {0 0 0};
    %cmpi/ne 0, 0, 32;
    %jmp/0xz  T_6.0, 4;
    %vpi_call 2 38 "$display", "[%0t] Tracing to logs/vlt_dump.vcd...\012", $time {0 0 0};
    %vpi_call 2 39 "$dumpfile", "logs/vlt_dump.vcd" {0 0 0};
    %vpi_call 2 40 "$dumpvars" {0 0 0};
T_6.0 ;
    %vpi_call 2 42 "$display", "[%0t] Model Running...\012", $time {0 0 0};
    %end;
    .thread T_6;
# The file index is used to find the file name in the following table.
:file_names 4;
    "N/A";
    "<interactive>";
    "../tbench/tb_nrzi.sv";
    "nrzi.sv";
